Using pre-set license
Built from '2021.3/staging' branch; Version is '2021.3.8f1 (b30333d56e81) revision 11731763'; Using compiler version '192829333'; Build Type 'Release'
OS: 'Windows 11  (10.0.22621) 64bit Core' Language: 'en' Physical Memory: 16228 MB
BatchMode: 1, IsHumanControllingUs: 0, StartBugReporterOnCrash: 0, Is64bit: 1, IsPro: 1

COMMAND LINE ARGUMENTS:
C:\Program Files\Unity 2021.3.8f1\Editor\Unity.exe
-adb2
-batchMode
-noUpm
-name
AssetImportWorker0
-projectPath
C:/Users/Caprice/Documents/GitHub/mod3-cardgames-cab557
-logFile
Logs/AssetImportWorker0.log
-srvPort
50860
Successfully changed project path to: C:/Users/Caprice/Documents/GitHub/mod3-cardgames-cab557
C:/Users/Caprice/Documents/GitHub/mod3-cardgames-cab557
[UnityMemory] Configuration Parameters - Can be set up in boot.config
    "memorysetup-bucket-allocator-granularity=16"
    "memorysetup-bucket-allocator-bucket-count=8"
    "memorysetup-bucket-allocator-block-size=33554432"
    "memorysetup-bucket-allocator-block-count=8"
    "memorysetup-main-allocator-block-size=16777216"
    "memorysetup-thread-allocator-block-size=16777216"
    "memorysetup-gfx-main-allocator-block-size=16777216"
    "memorysetup-gfx-thread-allocator-block-size=16777216"
    "memorysetup-cache-allocator-block-size=4194304"
    "memorysetup-typetree-allocator-block-size=2097152"
    "memorysetup-profiler-bucket-allocator-granularity=16"
    "memorysetup-profiler-bucket-allocator-bucket-count=8"
    "memorysetup-profiler-bucket-allocator-block-size=33554432"
    "memorysetup-profiler-bucket-allocator-block-count=8"
    "memorysetup-profiler-allocator-block-size=16777216"
    "memorysetup-profiler-editor-allocator-block-size=1048576"
    "memorysetup-temp-allocator-size-main=16777216"
    "memorysetup-job-temp-allocator-block-size=2097152"
    "memorysetup-job-temp-allocator-block-size-background=1048576"
    "memorysetup-job-temp-allocator-reduction-small-platforms=262144"
    "memorysetup-temp-allocator-size-background-worker=32768"
    "memorysetup-temp-allocator-size-job-worker=262144"
    "memorysetup-temp-allocator-size-preload-manager=33554432"
    "memorysetup-temp-allocator-size-nav-mesh-worker=65536"
    "memorysetup-temp-allocator-size-audio-worker=65536"
    "memorysetup-temp-allocator-size-cloud-worker=32768"
    "memorysetup-temp-allocator-size-gi-baking-worker=262144"
    "memorysetup-temp-allocator-size-gfx=262144"
Refreshing native plugins compatible for Editor in 26.17 ms, found 3 plugins.
Preloading 0 native plugins for Editor in 0.00 ms.
Initialize engine version: 2021.3.8f1 (b30333d56e81)
[Subsystems] Discovering subsystems at path C:/Program Files/Unity 2021.3.8f1/Editor/Data/Resources/UnitySubsystems
[Subsystems] Discovering subsystems at path C:/Users/Caprice/Documents/GitHub/mod3-cardgames-cab557/Assets
GfxDevice: creating device client; threaded=0; jobified=0
Direct3D:
    Version:  Direct3D 11.0 [level 11.1]
    Renderer: NVIDIA GeForce RTX 3060 (ID=0x2487)
    Vendor:   NVIDIA
    VRAM:     12124 MB
    Driver:   31.0.15.2756
Initialize mono
Mono path[0] = 'C:/Program Files/Unity 2021.3.8f1/Editor/Data/Managed'
Mono path[1] = 'C:/Program Files/Unity 2021.3.8f1/Editor/Data/MonoBleedingEdge/lib/mono/unityjit-win32'
Mono config path = 'C:/Program Files/Unity 2021.3.8f1/Editor/Data/MonoBleedingEdge/etc'
Using monoOptions --debugger-agent=transport=dt_socket,embedding=1,server=y,suspend=n,address=127.0.0.1:56176
Begin MonoManager ReloadAssembly
Registering precompiled unity dll's ...
Register platform support module: C:/Program Files/Unity 2021.3.8f1/Editor/Data/PlaybackEngines/WebGLSupport/UnityEditor.WebGL.Extensions.dll
Register platform support module: C:/Program Files/Unity 2021.3.8f1/Editor/Data/PlaybackEngines/WindowsStandaloneSupport/UnityEditor.WindowsStandalone.Extensions.dll
Registered in 0.001808 seconds.
Native extension for WindowsStandalone target not found
Native extension for WebGL target not found
Refreshing native plugins compatible for Editor in 25.85 ms, found 3 plugins.
Preloading 0 native plugins for Editor in 0.00 ms.
Mono: successfully reloaded assembly
- Completed reload, in  0.358 seconds
Domain Reload Profiling:
	ReloadAssembly (358ms)
		BeginReloadAssembly (44ms)
			ExecutionOrderSort (0ms)
			DisableScriptedObjects (0ms)
			BackupInstance (0ms)
			ReleaseScriptingObjects (0ms)
			CreateAndSetChildDomain (0ms)
		EndReloadAssembly (252ms)
			LoadAssemblies (43ms)
			RebuildTransferFunctionScriptingTraits (0ms)
			SetupTypeCache (59ms)
			ReleaseScriptCaches (0ms)
			RebuildScriptCaches (18ms)
			SetupLoadedEditorAssemblies (145ms)
				LogAssemblyErrors (0ms)
				InitializePlatformSupportModulesInManaged (5ms)
				SetLoadedEditorAssemblies (0ms)
				RefreshPlugins (26ms)
				BeforeProcessingInitializeOnLoad (1ms)
				ProcessInitializeOnLoadAttributes (86ms)
				ProcessInitializeOnLoadMethodAttributes (27ms)
				AfterProcessingInitializeOnLoad (0ms)
				EditorAssembliesLoaded (0ms)
			ExecutionOrderSort2 (0ms)
			AwakeInstancesAfterBackupRestoration (0ms)
Platform modules already initialized, skipping
Registering precompiled user dll's ...
Registered in 0.002561 seconds.
Begin MonoManager ReloadAssembly
Native extension for WindowsStandalone target not found
Native extension for WebGL target not found
Refreshing native plugins compatible for Editor in 25.07 ms, found 3 plugins.
Preloading 0 native plugins for Editor in 0.00 ms.
Mono: successfully reloaded assembly
- Completed reload, in  0.619 seconds
Domain Reload Profiling:
	ReloadAssembly (620ms)
		BeginReloadAssembly (63ms)
			ExecutionOrderSort (0ms)
			DisableScriptedObjects (3ms)
			BackupInstance (0ms)
			ReleaseScriptingObjects (0ms)
			CreateAndSetChildDomain (11ms)
		EndReloadAssembly (492ms)
			LoadAssemblies (46ms)
			RebuildTransferFunctionScriptingTraits (0ms)
			SetupTypeCache (116ms)
			ReleaseScriptCaches (0ms)
			RebuildScriptCaches (38ms)
			SetupLoadedEditorAssemblies (254ms)
				LogAssemblyErrors (0ms)
				InitializePlatformSupportModulesInManaged (7ms)
				SetLoadedEditorAssemblies (0ms)
				RefreshPlugins (25ms)
				BeforeProcessingInitializeOnLoad (45ms)
				ProcessInitializeOnLoadAttributes (145ms)
				ProcessInitializeOnLoadMethodAttributes (29ms)
				AfterProcessingInitializeOnLoad (3ms)
				EditorAssembliesLoaded (0ms)
			ExecutionOrderSort2 (0ms)
			AwakeInstancesAfterBackupRestoration (4ms)
Platform modules already initialized, skipping
========================================================================
Worker process is ready to serve import requests
Launched and connected shader compiler UnityShaderCompiler.exe after 0.02 seconds
Refreshing native plugins compatible for Editor in 0.34 ms, found 3 plugins.
Preloading 0 native plugins for Editor in 0.00 ms.
Unloading 2535 Unused Serialized files (Serialized files now loaded: 0)
Unloading 33 unused Assets / (55.3 KB). Loaded Objects now: 2999.
Memory consumption went from 113.5 MB to 113.4 MB.
Total: 2.152000 ms (FindLiveObjects: 0.141000 ms CreateObjectMapping: 0.056200 ms MarkObjects: 1.876700 ms  DeleteObjects: 0.076900 ms)

AssetImportParameters requested are different than current active one (requested -> active):
  custom:video-decoder-ogg-theora: a1e56fd34408186e4bbccfd4996cb3dc -> 
  custom:container-muxer-webm: aa71ff27fc2769a1b78a27578f13a17b -> 
  custom:container-demuxer-webm: 4f35f7cbe854078d1ac9338744f61a02 -> 
  custom:video-encoder-webm-vp8: eb34c28f22e8b96e1ab97ce403110664 -> 
  custom:audio-encoder-webm-vorbis: bf7c407c2cedff20999df2af8eb42d56 -> 
  custom:framework-win-MediaFoundation: 216162199b28c13a410421893ffa2e32 -> 
  custom:container-demuxer-ogg: 62fdf1f143b41e24485cea50d1cbac27 -> 
  custom:video-decoder-webm-vp8: 9c59270c3fd7afecdb556c50c9e8de78 -> 
  custom:audio-decoder-ogg-vorbis: bf7c407c2cedff20999df2af8eb42d56 -> 
========================================================================
Received Import Request.
  Time since last request: 808.963576 seconds.
  path: Assets/OtherGame/GameScene.unity
  artifactKey: Guid(8a69785a7c7394d1286e8e0987d1c268) Importer(815301076,1909f56bfc062723c751e8b465ee728b)
Start importing Assets/OtherGame/GameScene.unity using Guid(8a69785a7c7394d1286e8e0987d1c268) Importer(815301076,1909f56bfc062723c751e8b465ee728b)  -> (artifact id: '17b7f1829a42b1378fc79b1d47979326') in 0.007517 seconds 
========================================================================
Received Import Request.
  Time since last request: 0.544164 seconds.
  path: Assets/Prospector
  artifactKey: Guid(01b01cbe4365d4850a5d3ad9efafa7e0) Importer(815301076,1909f56bfc062723c751e8b465ee728b)
Start importing Assets/Prospector using Guid(01b01cbe4365d4850a5d3ad9efafa7e0) Importer(815301076,1909f56bfc062723c751e8b465ee728b)  -> (artifact id: '068b64f5334075a7d759f84683c81eed') in 0.008016 seconds 
========================================================================
Received Import Request.
  Time since last request: 13.478789 seconds.
  path: Assets/Prospector/__Scripts/Deck1.cs
  artifactKey: Guid(81b84f07a56b82b4a8fd3ae4a33a2792) Importer(815301076,1909f56bfc062723c751e8b465ee728b)
Start importing Assets/Prospector/__Scripts/Deck1.cs using Guid(81b84f07a56b82b4a8fd3ae4a33a2792) Importer(815301076,1909f56bfc062723c751e8b465ee728b)  -> (artifact id: 'f9fbd05a92ce6ff456b078b119b060ae') in 0.045043 seconds 
========================================================================
Received Import Request.
  Time since last request: 0.540284 seconds.
  path: Assets/Prospector/__Scripts/CardSpritesSO.cs
  artifactKey: Guid(b27a1853b9460ee4e80ce5afa85950c2) Importer(815301076,1909f56bfc062723c751e8b465ee728b)
Start importing Assets/Prospector/__Scripts/CardSpritesSO.cs using Guid(b27a1853b9460ee4e80ce5afa85950c2) Importer(815301076,1909f56bfc062723c751e8b465ee728b)  -> (artifact id: '11089dc8e0f489a5aa4feba6e4cd0c37') in 0.006371 seconds 
========================================================================
Received Import Request.
  Time since last request: 3.243544 seconds.
  path: Assets/Prospector/__Scripts/JsonParseLayout1.cs
  artifactKey: Guid(6c3a06dd401348841820b06bd6aa3998) Importer(815301076,1909f56bfc062723c751e8b465ee728b)
Start importing Assets/Prospector/__Scripts/JsonParseLayout1.cs using Guid(6c3a06dd401348841820b06bd6aa3998) Importer(815301076,1909f56bfc062723c751e8b465ee728b)  -> (artifact id: '32e82c7afc4ee87907f795f2d29f1eea') in 0.006349 seconds 
========================================================================
Received Import Request.
  Time since last request: 0.406671 seconds.
  path: Assets/Prospector/__Scripts/JsonParseLayout.cs
  artifactKey: Guid(b3a954d6f66a5f745b110d5798e69684) Importer(815301076,1909f56bfc062723c751e8b465ee728b)
Start importing Assets/Prospector/__Scripts/JsonParseLayout.cs using Guid(b3a954d6f66a5f745b110d5798e69684) Importer(815301076,1909f56bfc062723c751e8b465ee728b)  -> (artifact id: 'f7bef6aec8b1483cb27b10a7a62e2b59') in 0.008423 seconds 
========================================================================
Received Import Request.
  Time since last request: 1.601455 seconds.
  path: Assets/Prospector/__Scripts/Prospector.cs
  artifactKey: Guid(0e84a95330b6fed4e975d952ea58dd00) Importer(815301076,1909f56bfc062723c751e8b465ee728b)
Start importing Assets/Prospector/__Scripts/Prospector.cs using Guid(0e84a95330b6fed4e975d952ea58dd00) Importer(815301076,1909f56bfc062723c751e8b465ee728b)  -> (artifact id: 'a8d6c42bf3c74741696f8d78986af0fa') in 0.001450 seconds 
========================================================================
Received Import Request.
  Time since last request: 0.756997 seconds.
  path: Assets/Prospector/__Scripts/Prospector1.cs
  artifactKey: Guid(8770d2f3db43b7c478500da6688e954b) Importer(815301076,1909f56bfc062723c751e8b465ee728b)
Start importing Assets/Prospector/__Scripts/Prospector1.cs using Guid(8770d2f3db43b7c478500da6688e954b) Importer(815301076,1909f56bfc062723c751e8b465ee728b)  -> (artifact id: 'c049fcfab4fd38d4b4dcf1d9b5ac1f69') in 0.007963 seconds 
========================================================================
Received Import Request.
  Time since last request: 2.430618 seconds.
  path: Assets/Prospector/_Prefabs/FloatingScore.prefab
  artifactKey: Guid(a2607e456eb705546984c68c55fb75c4) Importer(815301076,1909f56bfc062723c751e8b465ee728b)
Start importing Assets/Prospector/_Prefabs/FloatingScore.prefab using Guid(a2607e456eb705546984c68c55fb75c4) Importer(815301076,1909f56bfc062723c751e8b465ee728b)  -> (artifact id: 'c891f83a2bab148a97f929c9364c16e2') in 0.043502 seconds 
========================================================================
Received Import Request.
  Time since last request: 0.345730 seconds.
  path: Assets/Prospector/_Prefabs/PrefabCard 1.prefab
  artifactKey: Guid(b77cf0bb0726cf84b9f1fdd328ea9292) Importer(815301076,1909f56bfc062723c751e8b465ee728b)
Start importing Assets/Prospector/_Prefabs/PrefabCard 1.prefab using Guid(b77cf0bb0726cf84b9f1fdd328ea9292) Importer(815301076,1909f56bfc062723c751e8b465ee728b)  -> (artifact id: 'f0119956eb9d055133b9f34b76b4e1f4') in 0.047466 seconds 
========================================================================
Received Import Request.
  Time since last request: 29.624836 seconds.
  path: Assets/mainScene.unity
  artifactKey: Guid(f126f207300ec4022bbd7d71b769f57c) Importer(815301076,1909f56bfc062723c751e8b465ee728b)
Start importing Assets/mainScene.unity using Guid(f126f207300ec4022bbd7d71b769f57c) Importer(815301076,1909f56bfc062723c751e8b465ee728b)  -> (artifact id: '4e14fda03450c6916cc7ae9f3d2650f4') in 0.007679 seconds 
========================================================================
Received Import Request.
  Time since last request: 1116.567129 seconds.
  path: Assets/Prospector/__Scripts/Prospector.cs
  artifactKey: Guid(0e84a95330b6fed4e975d952ea58dd00) Importer(815301076,1909f56bfc062723c751e8b465ee728b)
Start importing Assets/Prospector/__Scripts/Prospector.cs using Guid(0e84a95330b6fed4e975d952ea58dd00) Importer(815301076,1909f56bfc062723c751e8b465ee728b)  -> (artifact id: '714527e7ff1ba94269a7ec96febb4255') in 0.005799 seconds 
========================================================================
Received Import Request.
  Time since last request: 150.798252 seconds.
  path: Assets/Prospector/__Scripts/Prospector.cs
  artifactKey: Guid(0e84a95330b6fed4e975d952ea58dd00) Importer(815301076,1909f56bfc062723c751e8b465ee728b)
Start importing Assets/Prospector/__Scripts/Prospector.cs using Guid(0e84a95330b6fed4e975d952ea58dd00) Importer(815301076,1909f56bfc062723c751e8b465ee728b)  -> (artifact id: '329856b862698e50a42bd90339e96f55') in 0.003503 seconds 
